#At time x process y state arr w total z remain y wait k
At time 6 process 1 started arr 6 total 7 remain 7 wait 0
At time 8 process 1 stopped arr 6 total 7 remain 5 wait 0
At time 8 process 2 started arr 7 total 6 remain 6 wait 1
At time 10 process 2 stopped arr 7 total 6 remain 4 wait 1
At time 10 process 2 resumed arr 7 total 6 remain 4 wait 1
At time 12 process 2 stopped arr 7 total 6 remain 2 wait 1
At time 12 process 2 resumed arr 7 total 6 remain 2 wait 1
At time 14 process 2 finished arr 7 total 6 remain 0 wait 1 TA 7 WTA 1.17
At time 14 process 3 started arr 11 total 1 remain 1 wait 3
At time 15 process 3 finished arr 11 total 1 remain 0 wait 3 TA 4 WTA 4.00
At time 15 process 1 resumed arr 6 total 7 remain 5 wait 7
At time 17 process 1 stopped arr 6 total 7 remain 3 wait 7
At time 17 process 4 started arr 14 total 9 remain 9 wait 3
At time 19 process 4 stopped arr 14 total 9 remain 7 wait 3
At time 19 process 1 resumed arr 6 total 7 remain 3 wait 9
At time 21 process 1 stopped arr 6 total 7 remain 1 wait 9
At time 21 process 4 resumed arr 14 total 9 remain 7 wait 5
At time 23 process 4 stopped arr 14 total 9 remain 5 wait 5
At time 23 process 1 resumed arr 6 total 7 remain 1 wait 11
At time 25 process 1 finished arr 6 total 7 remain 0 wait 11 TA 19 WTA 2.71
At time 25 process 5 started arr 23 total 1 remain 1 wait 2
At time 26 process 5 finished arr 23 total 1 remain 0 wait 2 TA 3 WTA 3.00
At time 26 process 4 resumed arr 14 total 9 remain 5 wait 8
At time 28 process 4 stopped arr 14 total 9 remain 3 wait 8
At time 28 process 4 resumed arr 14 total 9 remain 3 wait 8
At time 30 process 4 stopped arr 14 total 9 remain 1 wait 8
At time 30 process 4 resumed arr 14 total 9 remain 1 wait 8
At time 31 process 4 finished arr 14 total 9 remain 0 wait 8 TA 17 WTA 1.89
